2025-03-02 13:59:11,996 INFO  Microsoft.AspNetCore.Hosting.Diagnostics Request starting HTTP/1.1 POST http://localhost:5055/c2c/transfers/init - application/json 109
2025-03-02 13:59:11,997 INFO  Microsoft.AspNetCore.Routing.EndpointMiddleware Executing endpoint 'qpssbpmock.Controllers.TransfersController.PostInit (qpssbpmock)'
2025-03-02 13:59:11,997 INFO  Microsoft.AspNetCore.Mvc.Infrastructure.ControllerActionInvoker Route matched with {action = "PostInit", controller = "Transfers"}. Executing controller action with signature Microsoft.AspNetCore.Mvc.JsonResult PostInit(System.Text.Json.JsonElement) on controller qpssbpmock.Controllers.TransfersController (qpssbpmock).
2025-03-02 13:59:11,998 INFO  Microsoft.AspNetCore.Mvc.Infrastructure.ObjectResultExecutor Executing BadRequestObjectResult, writing value of type 'Microsoft.AspNetCore.Mvc.ValidationProblemDetails'.
2025-03-02 13:59:12,002 INFO  Microsoft.AspNetCore.Mvc.Infrastructure.ControllerActionInvoker Executed action qpssbpmock.Controllers.TransfersController.PostInit (qpssbpmock) in 4.6724ms
2025-03-02 13:59:12,002 INFO  Microsoft.AspNetCore.Routing.EndpointMiddleware Executed endpoint 'qpssbpmock.Controllers.TransfersController.PostInit (qpssbpmock)'
2025-03-02 13:59:12,002 INFO  Microsoft.AspNetCore.Hosting.Diagnostics Request finished HTTP/1.1 POST http://localhost:5055/c2c/transfers/init - 400 - application/json;+charset=utf-8 6.7720ms
2025-03-02 13:59:51,396 INFO  Microsoft.AspNetCore.Hosting.Diagnostics Request starting HTTP/1.1 POST http://localhost:5055/c2c/transfers/init - application/json 125
2025-03-02 13:59:51,396 INFO  Microsoft.AspNetCore.Routing.EndpointMiddleware Executing endpoint 'qpssbpmock.Controllers.TransfersController.PostInit (qpssbpmock)'
2025-03-02 13:59:51,396 INFO  Microsoft.AspNetCore.Mvc.Infrastructure.ControllerActionInvoker Route matched with {action = "PostInit", controller = "Transfers"}. Executing controller action with signature Microsoft.AspNetCore.Mvc.JsonResult PostInit(System.Text.Json.JsonElement) on controller qpssbpmock.Controllers.TransfersController (qpssbpmock).
2025-03-02 13:59:51,399 INFO  Microsoft.AspNetCore.Mvc.Infrastructure.ControllerActionInvoker Executed action qpssbpmock.Controllers.TransfersController.PostInit (qpssbpmock) in 2.1354ms
2025-03-02 13:59:51,399 INFO  Microsoft.AspNetCore.Routing.EndpointMiddleware Executed endpoint 'qpssbpmock.Controllers.TransfersController.PostInit (qpssbpmock)'
2025-03-02 13:59:51,400 ERROR Microsoft.AspNetCore.Diagnostics.DeveloperExceptionPageMiddleware An unhandled exception has occurred while executing the request.
System.Collections.Generic.KeyNotFoundException: The given key was not present in the dictionary.
   at System.Text.Json.JsonElement.GetProperty(String propertyName)
   at qpssbpmock.Controllers.TransfersController.PostInit(JsonElement body) in D:\Code\qpssbpmock\Controllers\TransfersController.cs:line 51
   at lambda_method5(Closure, Object, Object[])
   at Microsoft.AspNetCore.Mvc.Infrastructure.ActionMethodExecutor.SyncActionResultExecutor.Execute(ActionContext actionContext, IActionResultTypeMapper mapper, ObjectMethodExecutor executor, Object controller, Object[] arguments)
   at Microsoft.AspNetCore.Mvc.Infrastructure.ControllerActionInvoker.InvokeActionMethodAsync()
   at Microsoft.AspNetCore.Mvc.Infrastructure.ControllerActionInvoker.Next(State& next, Scope& scope, Object& state, Boolean& isCompleted)
   at Microsoft.AspNetCore.Mvc.Infrastructure.ControllerActionInvoker.InvokeNextActionFilterAsync()
--- End of stack trace from previous location ---
   at Microsoft.AspNetCore.Mvc.Infrastructure.ControllerActionInvoker.Rethrow(ActionExecutedContextSealed context)
   at Microsoft.AspNetCore.Mvc.Infrastructure.ControllerActionInvoker.Next(State& next, Scope& scope, Object& state, Boolean& isCompleted)
   at Microsoft.AspNetCore.Mvc.Infrastructure.ControllerActionInvoker.InvokeInnerFilterAsync()
--- End of stack trace from previous location ---
   at Microsoft.AspNetCore.Mvc.Infrastructure.ResourceInvoker.<InvokeNextResourceFilter>g__Awaited|25_0(ResourceInvoker invoker, Task lastTask, State next, Scope scope, Object state, Boolean isCompleted)
   at Microsoft.AspNetCore.Mvc.Infrastructure.ResourceInvoker.Rethrow(ResourceExecutedContextSealed context)
   at Microsoft.AspNetCore.Mvc.Infrastructure.ResourceInvoker.Next(State& next, Scope& scope, Object& state, Boolean& isCompleted)
   at Microsoft.AspNetCore.Mvc.Infrastructure.ResourceInvoker.InvokeFilterPipelineAsync()
--- End of stack trace from previous location ---
   at Microsoft.AspNetCore.Mvc.Infrastructure.ResourceInvoker.<InvokeAsync>g__Logged|17_1(ResourceInvoker invoker)
   at Microsoft.AspNetCore.Mvc.Infrastructure.ResourceInvoker.<InvokeAsync>g__Logged|17_1(ResourceInvoker invoker)
   at Microsoft.AspNetCore.Routing.EndpointMiddleware.<Invoke>g__AwaitRequestTask|7_0(Endpoint endpoint, Task requestTask, ILogger logger)
   at Prometheus.HttpMetrics.HttpRequestDurationMiddleware.Invoke(HttpContext context)
   at Prometheus.HttpMetrics.HttpRequestCountMiddleware.Invoke(HttpContext context)
   at Prometheus.HttpMetrics.HttpInProgressMiddleware.Invoke(HttpContext context)
   at Microsoft.AspNetCore.ResponseCaching.ResponseCachingMiddleware.Invoke(HttpContext httpContext)
   at Microsoft.AspNetCore.Authorization.AuthorizationMiddleware.Invoke(HttpContext context)
   at Microsoft.AspNetCore.Authentication.AuthenticationMiddleware.Invoke(HttpContext context)
   at Microsoft.AspNetCore.Diagnostics.DeveloperExceptionPageMiddlewareImpl.Invoke(HttpContext context)
2025-03-02 13:59:51,423 INFO  Microsoft.AspNetCore.Hosting.Diagnostics Request finished HTTP/1.1 POST http://localhost:5055/c2c/transfers/init - 500 - text/plain;+charset=utf-8 27.1989ms
